2026.05.03 14:58:45 INFO  Started: Metals version 1.6.7 in folders '/home/balika/Documents/University/Year 2/Semester 2/Introduction to Functional Programming/Project/nub-renewable-energy' for client Visual Studio Code 1.114.0.
2026.05.03 14:58:45 INFO  Memory monitor started
2026.05.03 14:58:45 WARN  Using H2 2.4.240 which is newer than the version Flyway has been verified with. The latest verified version of H2 is 2.3.232.
2026.05.03 14:58:45 INFO  no build target found for /home/balika/Documents/University/Year 2/Semester 2/Introduction to Functional Programming/Project/nub-renewable-energy/src/main/scala/Main.scala. Using presentation compiler with project's scala-library version: 3.3.7
2026.05.03 14:58:45 INFO  Attempting to connect to the build server...
2026.05.03 14:58:45 INFO  Found a Bloop server running
2026.05.03 14:58:46 INFO  tracing is disabled for protocol BSP, to enable tracing of incoming and outgoing JSON messages create an empty file at /home/balika/Documents/University/Year 2/Semester 2/Introduction to Functional Programming/Project/nub-renewable-energy/.metals/bsp.trace.json or /home/balika/.cache/metals/bsp.trace.json
2026.05.03 14:58:46 INFO  Attempting to connect to the build server...
2026.05.03 14:58:46 INFO  Found a Bloop server running
2026.05.03 14:58:46 INFO  tracing is disabled for protocol BSP, to enable tracing of incoming and outgoing JSON messages create an empty file at /home/balika/Documents/University/Year 2/Semester 2/Introduction to Functional Programming/Project/nub-renewable-energy/project/.metals/bsp.trace.json or /home/balika/.cache/metals/bsp.trace.json
2026.05.03 14:58:46 INFO  time: Connected to build server in 0.32s
2026.05.03 14:58:46 INFO  Connected to Build server: Bloop v2.0.19
2026.05.03 14:58:45 INFO  Created report: Optional.empty
2026.05.03 14:58:45 INFO  Empty build targets. Expected at least one build target identifier. (full report at: "/home/balika/Documents/University/Year 2/Semester 2/Introduction to Functional Programming/Project/nub-renewable-energy/.metals/.reports/bloop/2026-05-03/r_Empty build targets...._14-58-46-280.md")
2026.05.03 14:58:45 INFO  Empty build targets. Expected at least one build target identifier. (full report at: "/home/balika/Documents/University/Year 2/Semester 2/Introduction to Functional Programming/Project/nub-renewable-energy/.metals/.reports/bloop/2026-05-03/r_Empty build targets...._14-58-46-280.md")
2026.05.03 14:58:45 INFO  Empty build targets. Expected at least one build target identifier. (full report at: "/home/balika/Documents/University/Year 2/Semester 2/Introduction to Functional Programming/Project/nub-renewable-energy/.metals/.reports/bloop/2026-05-03/r_Empty build targets...._14-58-46-280.md")
2026.05.03 14:58:45 INFO  Empty build targets. Expected at least one build target identifier. (full report at: "/home/balika/Documents/University/Year 2/Semester 2/Introduction to Functional Programming/Project/nub-renewable-energy/.metals/.reports/bloop/2026-05-03/r_Empty build targets...._14-58-46-280.md")
2026.05.03 14:58:45 INFO  Empty build targets. Expected at least one build target identifier. (full report at: "/home/balika/Documents/University/Year 2/Semester 2/Introduction to Functional Programming/Project/nub-renewable-energy/.metals/.reports/bloop/2026-05-03/r_Empty build targets...._14-58-46-280.md")
2026.05.03 14:58:46 WARN  no build target for: /home/balika/Documents/University/Year 2/Semester 2/Introduction to Functional Programming/Project/nub-renewable-energy/src/main/scala/Main.scala
2026.05.03 14:58:46 INFO  no build target found for /home/balika/Documents/University/Year 2/Semester 2/Introduction to Functional Programming/Project/nub-renewable-energy/src/main/scala/Main.scala. Using presentation compiler with project's scala-library version: 2.12.21
2026.05.03 14:58:46 ERROR scala.meta.internal.metals.debug.DiscoveryFailures$BuildTargetNotFoundForPathException: No build target could be found for the path: /home/balika/Documents/University/Year 2/Semester 2/Introduction to Functional Programming/Project/nub-renewable-energy/src/main/scala/Main.scala
	at scala.meta.internal.metals.debug.DebugDiscovery.validate(DebugDiscovery.scala:88)
	at scala.meta.internal.metals.debug.DebugDiscovery.debugDiscovery(DebugDiscovery.scala:164)
	at scala.meta.internal.metals.MetalsLspService.$anonfun$debugDiscovery$3(MetalsLspService.scala:1594)
	at scala.meta.internal.metals.MetalsLspService.afterCompilationFinished(MetalsLspService.scala:1589)
	at scala.meta.internal.metals.MetalsLspService.debugDiscovery(MetalsLspService.scala:1594)
	at scala.meta.internal.metals.WorkspaceLspService.executeCommand(WorkspaceLspService.scala:1157)
	at scala.meta.metals.lsp.DelegatingScalaService.executeCommand(DelegatingScalaService.scala:184)
	at jdk.internal.reflect.DirectMethodHandleAccessor.invoke(DirectMethodHandleAccessor.java:104)
	at java.lang.reflect.Method.invoke(Method.java:565)
	at org.eclipse.lsp4j.jsonrpc.services.GenericEndpoint.lambda$recursiveFindRpcMethods$0(GenericEndpoint.java:65)
	at org.eclipse.lsp4j.jsonrpc.services.GenericEndpoint.request(GenericEndpoint.java:128)
	at org.eclipse.lsp4j.jsonrpc.RemoteEndpoint.handleRequest(RemoteEndpoint.java:265)
	at org.eclipse.lsp4j.jsonrpc.RemoteEndpoint.consume(RemoteEndpoint.java:195)
	at org.eclipse.lsp4j.jsonrpc.json.StreamMessageProducer.handleMessage(StreamMessageProducer.java:189)
	at org.eclipse.lsp4j.jsonrpc.json.StreamMessageProducer.listen(StreamMessageProducer.java:97)
	at org.eclipse.lsp4j.jsonrpc.json.ConcurrentMessageProcessor.run(ConcurrentMessageProcessor.java:97)
	at java.util.concurrent.Executors$RunnableAdapter.call(Executors.java:545)
	at java.util.concurrent.FutureTask.run(FutureTask.java:330)
	at java.util.concurrent.ThreadPoolExecutor.runWorker(ThreadPoolExecutor.java:1090)
	at java.util.concurrent.ThreadPoolExecutor$Worker.run(ThreadPoolExecutor.java:614)
	at java.lang.Thread.run(Thread.java:1516)

2026.05.03 14:58:46 INFO  no build target found for /home/balika/Documents/University/Year 2/Semester 2/Introduction to Functional Programming/Project/nub-renewable-energy/src/main/scala/Main.scala. Using presentation compiler with project's scala-library version: 2.12.21
2026.05.03 14:58:47 WARN  Using H2 2.4.240 which is newer than the version Flyway has been verified with. The latest verified version of H2 is 2.3.232.
2026.05.03 14:58:49 INFO  no build target found for /home/balika/Documents/University/Year 2/Semester 2/Introduction to Functional Programming/Project/nub-renewable-energy/src/main/scala/Main.scala. Using presentation compiler with project's scala-library version: 2.12.21
2026.05.03 14:58:50 INFO  time: indexed workspace in 3.85s
2026.05.03 14:58:49 WARN  no build target for: /home/balika/Documents/University/Year 2/Semester 2/Introduction to Functional Programming/Project/nub-renewable-energy/src/main/scala/Main.scala
2026.05.03 14:58:50 INFO  no build target found for /home/balika/Documents/University/Year 2/Semester 2/Introduction to Functional Programming/Project/nub-renewable-energy/src/main/scala/Main.scala. Using presentation compiler with project's scala-library version: 2.12.21
2026.05.03 14:58:50 WARN  no build target for: /home/balika/Documents/University/Year 2/Semester 2/Introduction to Functional Programming/Project/nub-renewable-energy/src/main/scala/Main.scala
2026.05.03 14:58:50 INFO  no build target found for /home/balika/Documents/University/Year 2/Semester 2/Introduction to Functional Programming/Project/nub-renewable-energy/src/main/scala/Main.scala. Using presentation compiler with project's scala-library version: 2.12.21
2026.05.03 15:00:01 INFO  running '/usr/bin/sbt -Dbloop.export-jar-classifiers=sources bloopInstall'
2026.05.03 15:00:01 INFO  no build target found for /home/balika/Documents/University/Year 2/Semester 2/Introduction to Functional Programming/Project/nub-renewable-energy/project/metals.sbt. Using presentation compiler with project's scala-library version: 2.12.21
2026.05.03 15:00:01 WARN  no build target for: /home/balika/Documents/University/Year 2/Semester 2/Introduction to Functional Programming/Project/nub-renewable-energy/project/metals.sbt
2026.05.03 15:00:01 WARN  no build target for: /home/balika/Documents/University/Year 2/Semester 2/Introduction to Functional Programming/Project/nub-renewable-energy/project/project/metals.sbt
2026.05.03 15:00:01 INFO  no build target found for /home/balika/Documents/University/Year 2/Semester 2/Introduction to Functional Programming/Project/nub-renewable-energy/project/project/metals.sbt. Using presentation compiler with project's scala-library version: 2.12.21
2026.05.03 15:00:02 INFO  [info] welcome to sbt 1.12.10 (Arch Linux Java 26.0.1)
2026.05.03 15:00:03 INFO  [info] loading settings for project nub-renewable-energy-build-build from metals.sbt...
2026.05.03 15:00:03 INFO  [info] loading project definition from /home/balika/Documents/University/Year 2/Semester 2/Introduction to Functional Programming/Project/nub-renewable-energy/project/project
2026.05.03 15:00:04 INFO  [info] loading settings for project nub-renewable-energy-build from metals.sbt...
2026.05.03 15:00:04 INFO  [info] loading project definition from /home/balika/Documents/University/Year 2/Semester 2/Introduction to Functional Programming/Project/nub-renewable-energy/project
2026.05.03 15:00:05 INFO  no build target found for /home/balika/Documents/University/Year 2/Semester 2/Introduction to Functional Programming/Project/nub-renewable-energy/src/main/scala/Main.scala. Using presentation compiler with project's scala-library version: 2.12.21
2026.05.03 15:00:05 WARN  no build target for: /home/balika/Documents/University/Year 2/Semester 2/Introduction to Functional Programming/Project/nub-renewable-energy/src/main/scala/Main.scala
2026.05.03 15:00:05 INFO  no build target found for /home/balika/Documents/University/Year 2/Semester 2/Introduction to Functional Programming/Project/nub-renewable-energy/src/main/scala/Main.scala. Using presentation compiler with project's scala-library version: 2.12.21
2026.05.03 15:00:05 INFO  no build target found for /home/balika/Documents/University/Year 2/Semester 2/Introduction to Functional Programming/Project/nub-renewable-energy/src/main/scala/Main.scala. Using presentation compiler with project's scala-library version: 2.12.21
2026.05.03 15:00:05 INFO  no build target found for /home/balika/Documents/University/Year 2/Semester 2/Introduction to Functional Programming/Project/nub-renewable-energy/src/main/scala/Main.scala. Using presentation compiler with project's scala-library version: 2.12.21
2026.05.03 15:00:05 INFO  [success] Generated .bloop/nub-renewable-energy-build.json
2026.05.03 15:00:05 INFO  [success] Total time: 1 s, completed May 3, 2026, 3:00:05 PM
2026.05.03 15:00:05 INFO  [info] loading settings for project nub-renewable-energy from build.sbt...
2026.05.03 15:00:05 INFO  [info] set current project to hello-world (in build file:/home/balika/Documents/University/Year%202/Semester%202/Introduction%20to%20Functional%20Programming/Project/nub-renewable-energy/)
2026.05.03 15:00:07 INFO  [success] Generated .bloop/nub-renewable-energy-test.json
2026.05.03 15:00:07 INFO  [success] Generated .bloop/nub-renewable-energy.json
2026.05.03 15:00:07 INFO  [success] Total time: 1 s, completed May 3, 2026, 3:00:07 PM
2026.05.03 15:00:07 INFO  time: ran 'sbt bloopInstall' in 5.91s
2026.05.03 15:00:07 INFO  Disconnecting from Bloop session...
2026.05.03 15:00:07 INFO  Shut down connection with build server.
2026.05.03 15:00:07 INFO  Shut down connection with build server.
2026.05.03 15:00:07 INFO  Attempting to connect to the build server...
2026.05.03 15:00:07 INFO  Found a Bloop server running
2026.05.03 15:00:07 INFO  tracing is disabled for protocol BSP, to enable tracing of incoming and outgoing JSON messages create an empty file at /home/balika/Documents/University/Year 2/Semester 2/Introduction to Functional Programming/Project/nub-renewable-energy/.metals/bsp.trace.json or /home/balika/.cache/metals/bsp.trace.json
2026.05.03 15:00:08 INFO  Attempting to connect to the build server...
2026.05.03 15:00:08 INFO  Found a Bloop server running
2026.05.03 15:00:07 INFO  tracing is disabled for protocol BSP, to enable tracing of incoming and outgoing JSON messages create an empty file at /home/balika/Documents/University/Year 2/Semester 2/Introduction to Functional Programming/Project/nub-renewable-energy/project/.metals/bsp.trace.json or /home/balika/.cache/metals/bsp.trace.json
2026.05.03 15:00:07 INFO  time: Connected to build server in 1s
2026.05.03 15:00:08 INFO  Connected to Build server: Bloop v2.0.19
2026.05.03 15:00:08 WARN  2.13.12 is no longer supported in the current Metals versions, using the last known supported version 1.4.2
2026.05.03 15:00:08 WARN  Bloop is running with 17.0.18 but your code requires 26.0.1 to compile, this might cause some compilation issues when using JDK API unsupported by the Bloop's current JVM version
2026.05.03 15:00:08 INFO  compiling nub-renewable-energy (1 scala source)
2026.05.03 15:00:08 INFO  time: compiled nub-renewable-energy in 0.14s
2026.05.03 15:00:08 WARN  Bloop is running with 17.0.18 but your code requires 26.0.1 to compile, this might cause some compilation issues when using JDK API unsupported by the Bloop's current JVM version
2026.05.03 15:00:08 INFO  compiling nub-renewable-energy (1 scala source)
2026.05.03 15:00:08 INFO  time: compiled nub-renewable-energy in 0.12s
2026.05.03 15:00:09 ERROR scala.meta.internal.metals.debug.DiscoveryFailures$WorkspaceErrorsException$: Cannot run class, since the workspace has errors.
	at scala.meta.internal.metals.debug.DiscoveryFailures$WorkspaceErrorsException$.<clinit>(DiscoveryFailures.scala:57)
	at scala.meta.internal.metals.MetalsEnrichments$XtensionScalaFuture$$anonfun$liftToLspError$1.applyOrElse(MetalsEnrichments.scala:247)
	at scala.meta.internal.metals.MetalsEnrichments$XtensionScalaFuture$$anonfun$liftToLspError$1.applyOrElse(MetalsEnrichments.scala:244)
	at scala.concurrent.impl.Promise$Transformation.run(Promise.scala:523)
	at java.util.concurrent.ThreadPoolExecutor.runWorker(ThreadPoolExecutor.java:1090)
	at java.util.concurrent.ThreadPoolExecutor$Worker.run(ThreadPoolExecutor.java:614)
	at java.lang.Thread.run(Thread.java:1516)

2026.05.03 15:00:10 INFO  time: indexed workspace in 1.73s
2026.05.03 15:00:10 WARN  Bloop is running with 17.0.18 but your code requires 26.0.1 to compile, this might cause some compilation issues when using JDK API unsupported by the Bloop's current JVM version
2026.05.03 15:00:10 INFO  compiling nub-renewable-energy (1 scala source)
2026.05.03 15:00:10 INFO  time: compiled nub-renewable-energy in 92ms
2026.05.03 15:00:10 INFO  skipping build import with status 'Installed'
2026.05.03 15:00:45 WARN  Bloop is running with 17.0.18 but your code requires 26.0.1 to compile, this might cause some compilation issues when using JDK API unsupported by the Bloop's current JVM version
2026.05.03 15:00:45 INFO  compiling nub-renewable-energy (1 scala source)
2026.05.03 15:00:45 INFO  time: compiled nub-renewable-energy in 87ms
2026.05.03 15:00:52 WARN  Bloop is running with 17.0.18 but your code requires 26.0.1 to compile, this might cause some compilation issues when using JDK API unsupported by the Bloop's current JVM version
2026.05.03 15:00:52 INFO  compiling nub-renewable-energy (1 scala source)
2026.05.03 15:00:52 INFO  time: compiled nub-renewable-energy in 40ms
2026.05.03 15:01:33 WARN  Bloop is running with 17.0.18 but your code requires 26.0.1 to compile, this might cause some compilation issues when using JDK API unsupported by the Bloop's current JVM version
2026.05.03 15:01:33 INFO  compiling nub-renewable-energy (1 scala source)
2026.05.03 15:01:33 INFO  time: compiled nub-renewable-energy in 0.49s
2026.05.03 15:01:45 WARN  Bloop is running with 17.0.18 but your code requires 26.0.1 to compile, this might cause some compilation issues when using JDK API unsupported by the Bloop's current JVM version
2026.05.03 15:01:45 WARN  Bloop is running with 17.0.18 but your code requires 26.0.1 to compile, this might cause some compilation issues when using JDK API unsupported by the Bloop's current JVM version
2026.05.03 15:01:45 INFO  tracing is disabled for protocol dap-server, to enable tracing of incoming and outgoing JSON messages create an empty file at /home/balika/Documents/University/Year 2/Semester 2/Introduction to Functional Programming/Project/nub-renewable-energy/.metals/dap-server.trace.json or /home/balika/.cache/metals/dap-server.trace.json
2026.05.03 15:01:45 INFO  tracing is disabled for protocol dap-client, to enable tracing of incoming and outgoing JSON messages create an empty file at /home/balika/Documents/University/Year 2/Semester 2/Introduction to Functional Programming/Project/nub-renewable-energy/.metals/dap-client.trace.json or /home/balika/.cache/metals/dap-client.trace.json
2026.05.03 15:01:45 INFO  Starting debug proxy for [Main]
2026.05.03 15:01:45 INFO  Loaded expression compiler in 0 milliseconds
2026.05.03 15:01:45 INFO  Loaded all sources and classes in 581 milliseconds
2026.05.03 15:01:45 INFO  Initialized Scala 3 decoder in 0 milliseconds
2026.05.03 15:01:45 INFO  Trying to attach to remote debuggee VM localhost:34563 .
2026.05.03 15:01:45 INFO  Attaching to debuggee VM succeeded.
2026.05.03 15:01:46 INFO  Closing debug server tcp://0.0.0.0:34675
2026.05.03 15:01:46 INFO  Canceling debug proxy for [Main]
2026.05.03 15:02:03 WARN  Bloop is running with 17.0.18 but your code requires 26.0.1 to compile, this might cause some compilation issues when using JDK API unsupported by the Bloop's current JVM version
2026.05.03 15:02:03 INFO  compiling nub-renewable-energy (1 scala source)
2026.05.03 15:02:03 INFO  time: compiled nub-renewable-energy in 65ms
2026.05.03 15:02:06 WARN  Bloop is running with 17.0.18 but your code requires 26.0.1 to compile, this might cause some compilation issues when using JDK API unsupported by the Bloop's current JVM version
2026.05.03 15:02:06 INFO  compiling nub-renewable-energy (1 scala source)
2026.05.03 15:02:06 INFO  time: compiled nub-renewable-energy in 0.34s
2026.05.03 15:02:10 WARN  Bloop is running with 17.0.18 but your code requires 26.0.1 to compile, this might cause some compilation issues when using JDK API unsupported by the Bloop's current JVM version
2026.05.03 15:02:10 INFO  compiling nub-renewable-energy (1 scala source)
2026.05.03 15:02:10 INFO  time: compiled nub-renewable-energy in 34ms
2026.05.03 15:02:14 WARN  Bloop is running with 17.0.18 but your code requires 26.0.1 to compile, this might cause some compilation issues when using JDK API unsupported by the Bloop's current JVM version
2026.05.03 15:02:14 INFO  compiling nub-renewable-energy (1 scala source)
2026.05.03 15:02:14 INFO  time: compiled nub-renewable-energy in 39ms
2026.05.03 15:02:15 WARN  Bloop is running with 17.0.18 but your code requires 26.0.1 to compile, this might cause some compilation issues when using JDK API unsupported by the Bloop's current JVM version
2026.05.03 15:02:15 INFO  compiling nub-renewable-energy (1 scala source)
2026.05.03 15:02:15 INFO  time: compiled nub-renewable-energy in 48ms
2026.05.03 15:02:18 WARN  Bloop is running with 17.0.18 but your code requires 26.0.1 to compile, this might cause some compilation issues when using JDK API unsupported by the Bloop's current JVM version
2026.05.03 15:02:18 INFO  compiling nub-renewable-energy (1 scala source)
2026.05.03 15:02:18 INFO  time: compiled nub-renewable-energy in 40ms
2026.05.03 15:02:22 WARN  Bloop is running with 17.0.18 but your code requires 26.0.1 to compile, this might cause some compilation issues when using JDK API unsupported by the Bloop's current JVM version
2026.05.03 15:02:22 INFO  compiling nub-renewable-energy (1 scala source)
2026.05.03 15:02:22 INFO  time: compiled nub-renewable-energy in 35ms
2026.05.03 15:02:28 WARN  Bloop is running with 17.0.18 but your code requires 26.0.1 to compile, this might cause some compilation issues when using JDK API unsupported by the Bloop's current JVM version
2026.05.03 15:02:28 INFO  compiling nub-renewable-energy (1 scala source)
2026.05.03 15:02:28 INFO  time: compiled nub-renewable-energy in 46ms
2026.05.03 15:02:29 WARN  Bloop is running with 17.0.18 but your code requires 26.0.1 to compile, this might cause some compilation issues when using JDK API unsupported by the Bloop's current JVM version
2026.05.03 15:02:29 INFO  compiling nub-renewable-energy (1 scala source)
2026.05.03 15:02:29 INFO  time: compiled nub-renewable-energy in 34ms
2026.05.03 15:02:32 WARN  Bloop is running with 17.0.18 but your code requires 26.0.1 to compile, this might cause some compilation issues when using JDK API unsupported by the Bloop's current JVM version
2026.05.03 15:02:32 INFO  compiling nub-renewable-energy (1 scala source)
2026.05.03 15:02:32 INFO  time: compiled nub-renewable-energy in 45ms
2026.05.03 15:02:35 WARN  Bloop is running with 17.0.18 but your code requires 26.0.1 to compile, this might cause some compilation issues when using JDK API unsupported by the Bloop's current JVM version
2026.05.03 15:02:35 INFO  compiling nub-renewable-energy (1 scala source)
2026.05.03 15:02:35 INFO  time: compiled nub-renewable-energy in 36ms
2026.05.03 15:02:37 WARN  Bloop is running with 17.0.18 but your code requires 26.0.1 to compile, this might cause some compilation issues when using JDK API unsupported by the Bloop's current JVM version
2026.05.03 15:02:37 INFO  compiling nub-renewable-energy (1 scala source)
2026.05.03 15:02:37 INFO  time: compiled nub-renewable-energy in 38ms
2026.05.03 15:03:35 WARN  Bloop is running with 17.0.18 but your code requires 26.0.1 to compile, this might cause some compilation issues when using JDK API unsupported by the Bloop's current JVM version
2026.05.03 15:03:35 INFO  compiling nub-renewable-energy (1 scala source)
2026.05.03 15:03:35 INFO  time: compiled nub-renewable-energy in 0.12s
2026.05.03 15:03:38 WARN  Bloop is running with 17.0.18 but your code requires 26.0.1 to compile, this might cause some compilation issues when using JDK API unsupported by the Bloop's current JVM version
2026.05.03 15:03:38 INFO  compiling nub-renewable-energy (1 scala source)
2026.05.03 15:03:38 INFO  time: compiled nub-renewable-energy in 77ms
2026.05.03 15:03:38 ERROR scala.meta.internal.metals.debug.DiscoveryFailures$WorkspaceErrorsException$: Cannot run class, since the workspace has errors.
	at scala.meta.internal.metals.debug.DiscoveryFailures$WorkspaceErrorsException$.<clinit>(DiscoveryFailures.scala:57)
	at scala.meta.internal.metals.MetalsEnrichments$XtensionScalaFuture$$anonfun$liftToLspError$1.applyOrElse(MetalsEnrichments.scala:247)
	at scala.meta.internal.metals.MetalsEnrichments$XtensionScalaFuture$$anonfun$liftToLspError$1.applyOrElse(MetalsEnrichments.scala:244)
	at scala.concurrent.impl.Promise$Transformation.run(Promise.scala:523)
	at java.util.concurrent.ThreadPoolExecutor.runWorker(ThreadPoolExecutor.java:1090)
	at java.util.concurrent.ThreadPoolExecutor$Worker.run(ThreadPoolExecutor.java:614)
	at java.lang.Thread.run(Thread.java:1516)

2026.05.03 15:03:43 WARN  Bloop is running with 17.0.18 but your code requires 26.0.1 to compile, this might cause some compilation issues when using JDK API unsupported by the Bloop's current JVM version
2026.05.03 15:03:43 INFO  compiling nub-renewable-energy (1 scala source)
2026.05.03 15:03:43 INFO  time: compiled nub-renewable-energy in 0.38s
2026.05.03 15:03:43 WARN  Bloop is running with 17.0.18 but your code requires 26.0.1 to compile, this might cause some compilation issues when using JDK API unsupported by the Bloop's current JVM version
2026.05.03 15:03:43 WARN  Bloop is running with 17.0.18 but your code requires 26.0.1 to compile, this might cause some compilation issues when using JDK API unsupported by the Bloop's current JVM version
2026.05.03 15:03:44 INFO  tracing is disabled for protocol dap-server, to enable tracing of incoming and outgoing JSON messages create an empty file at /home/balika/Documents/University/Year 2/Semester 2/Introduction to Functional Programming/Project/nub-renewable-energy/.metals/dap-server.trace.json or /home/balika/.cache/metals/dap-server.trace.json
2026.05.03 15:03:44 INFO  tracing is disabled for protocol dap-client, to enable tracing of incoming and outgoing JSON messages create an empty file at /home/balika/Documents/University/Year 2/Semester 2/Introduction to Functional Programming/Project/nub-renewable-energy/.metals/dap-client.trace.json or /home/balika/.cache/metals/dap-client.trace.json
2026.05.03 15:03:44 INFO  Starting debug proxy for [Main]
2026.05.03 15:03:43 INFO  Loaded expression compiler in 1 millisecond
2026.05.03 15:03:45 INFO  Loaded all sources and classes in 762 milliseconds
2026.05.03 15:03:45 INFO  Initialized Scala 3 decoder in 0 milliseconds
2026.05.03 15:03:45 INFO  Trying to attach to remote debuggee VM localhost:35019 .
2026.05.03 15:03:45 INFO  Attaching to debuggee VM succeeded.
2026.05.03 15:03:45 INFO  Canceling debug proxy for [Main]
2026.05.03 15:03:45 INFO  Closing debug server tcp://0.0.0.0:43779
2026.05.03 15:04:02 WARN  Bloop is running with 17.0.18 but your code requires 26.0.1 to compile, this might cause some compilation issues when using JDK API unsupported by the Bloop's current JVM version
2026.05.03 15:04:02 INFO  compiling nub-renewable-energy (1 scala source)
2026.05.03 15:04:02 INFO  time: compiled nub-renewable-energy in 0.35s
2026.05.03 15:04:03 WARN  Bloop is running with 17.0.18 but your code requires 26.0.1 to compile, this might cause some compilation issues when using JDK API unsupported by the Bloop's current JVM version
2026.05.03 15:04:03 WARN  Bloop is running with 17.0.18 but your code requires 26.0.1 to compile, this might cause some compilation issues when using JDK API unsupported by the Bloop's current JVM version
2026.05.03 15:04:03 INFO  tracing is disabled for protocol dap-server, to enable tracing of incoming and outgoing JSON messages create an empty file at /home/balika/Documents/University/Year 2/Semester 2/Introduction to Functional Programming/Project/nub-renewable-energy/.metals/dap-server.trace.json or /home/balika/.cache/metals/dap-server.trace.json
2026.05.03 15:04:03 INFO  tracing is disabled for protocol dap-client, to enable tracing of incoming and outgoing JSON messages create an empty file at /home/balika/Documents/University/Year 2/Semester 2/Introduction to Functional Programming/Project/nub-renewable-energy/.metals/dap-client.trace.json or /home/balika/.cache/metals/dap-client.trace.json
2026.05.03 15:04:03 INFO  Starting debug proxy for [Main]
2026.05.03 15:04:03 INFO  Loaded expression compiler in 0 milliseconds
2026.05.03 15:04:03 INFO  Loaded all sources and classes in 372 milliseconds
2026.05.03 15:04:03 INFO  Initialized Scala 3 decoder in 0 milliseconds
2026.05.03 15:04:03 INFO  Trying to attach to remote debuggee VM localhost:47557 .
2026.05.03 15:04:03 INFO  Attaching to debuggee VM succeeded.
2026.05.03 15:04:05 INFO  Canceling debug proxy for [Main]
2026.05.03 15:04:05 INFO  Closing debug server tcp://0.0.0.0:45027
2026.05.03 15:04:16 WARN  Bloop is running with 17.0.18 but your code requires 26.0.1 to compile, this might cause some compilation issues when using JDK API unsupported by the Bloop's current JVM version
2026.05.03 15:04:16 INFO  compiling nub-renewable-energy (1 scala source)
2026.05.03 15:04:16 INFO  time: compiled nub-renewable-energy in 0.31s
2026.05.03 15:04:21 WARN  Bloop is running with 17.0.18 but your code requires 26.0.1 to compile, this might cause some compilation issues when using JDK API unsupported by the Bloop's current JVM version
2026.05.03 15:04:21 INFO  compiling nub-renewable-energy (1 scala source)
2026.05.03 15:04:21 INFO  time: compiled nub-renewable-energy in 0.33s
